<?xml version="1.0" encoding="UTF-8"?>
<!-- Generated by org.testng.reporters.JUnitReportReporter -->
<testsuite skipped="0" hostname="LAPTOP-MK3TKT6E" name="Runner.MyRunner" tests="1" failures="0" timestamp="2020-05-18T11:36:59 IST" time="17.440" errors="0">
  <testcase name="feature" time="17.440" classname="Runner.MyRunner"/>
</testsuite> <!-- Runner.MyRunner -->
